2024-04-06 20:27:59:2759 - [32minfo[39m: [32mServer is running on port: 9696[39m
2024-04-06 20:29:37:2937 - [32minfo[39m: [32mServer is running on port: 9696[39m
2024-04-06 20:29:41:2941 - [32minfo[39m: [32mServer is running on port: 9696[39m
2024-04-06 20:29:45:2945 - [32minfo[39m: [32mServer is running on port: 9696[39m
2024-04-06 20:29:53:2953 - [31minfo[39m: [31mServer is running on port: 9696[39m
2024-04-06 20:30:03:303 - [32minfo[39m: [32mServer is running on port: 9696[39m
2024-04-06 20:30:23:3023 - [31merror[39m: [31mServer is running on port: 9696[39m
2024-04-06 20:30:37:3037 - [33mwarn[39m: [33mServer is running on port: 9696[39m
2024-04-06 20:30:43:3043 - [32minfo[39m: [32mServer is running on port: 9696[39m
2024-04-06 20:31:17:3117 - [32minfo[39m: [32mServer is running on port: 9696[39m
2024-04-06 20:31:18:3118 - [32minfo[39m: [32mServer is running on port: 9696[39m
2024-04-06 20:31:22:3122 - [32minfo[39m: [32mServer is running on port: 9696[39m
2024-04-06 20:31:24:3124 - [32minfo[39m: [32mConectou ao banco de dados![39m
2024-04-06 20:31:24:3124 - [32minfo[39m: [32mServer is running on port: 9696[39m
2024-04-06 20:31:30:3130 - [32minfo[39m: [32mConectou ao banco de dados![39m
2024-04-06 20:31:30:3130 - [32minfo[39m: [32mServer is running on port: 9696[39m
2024-04-06 20:31:33:3133 - [32minfo[39m: [32mConectou ao banco de dados![39m
2024-04-06 20:31:33:3133 - [32minfo[39m: [32mServer is running on port: 9696[39m
2024-04-06 20:32:16:3216 - [31merror[39m: [31mNão foi possível conectar![39m
2024-04-06 20:32:16:3216 - [31merror[39m: [31mErro: MongoServerError: bad auth : authentication failed[39m
2024-04-06 20:32:16:3216 - [32minfo[39m: [32mServer is running on port: 9696[39m
2024-04-06 20:32:32:3232 - [32minfo[39m: [32mConectou ao banco de dados![39m
2024-04-06 20:32:32:3232 - [32minfo[39m: [32mServer is running on port: 9696[39m
2024-04-06 20:33:41:3341 - [32minfo[39m: [32mConectou ao banco de dados![39m
2024-04-06 20:33:41:3341 - [32minfo[39m: [32mServer is running on port: 9696[39m
2024-04-06 20:33:43:3343 - [32minfo[39m: [32mConectou ao banco de dados![39m
2024-04-06 20:33:43:3343 - [32minfo[39m: [32mServer is running on port: 9696[39m
2024-04-06 20:33:51:3351 - [31merror[39m: [31mNão foi possível conectar![39m
2024-04-06 20:34:10:3410 - [32minfo[39m: [32mConectou ao banco de dados![39m
2024-04-06 20:34:10:3410 - [32minfo[39m: [32mServer is running on port: 9696[39m
2024-04-06 21:40:12:4012 - [32minfo[39m: [32mConectou ao banco de dados![39m
2024-04-06 21:40:12:4012 - [32minfo[39m: [32mServer is running on port: 9696[39m
2024-04-06 21:40:15:4015 - [32minfo[39m: [32mConectou ao banco de dados![39m
2024-04-06 21:40:15:4015 - [32minfo[39m: [32mServer is running on port: 9696[39m
2024-04-06 21:40:20:4020 - [32minfo[39m: [32mConectou ao banco de dados![39m
2024-04-06 21:40:20:4020 - [32minfo[39m: [32mServer is running on port: 9696[39m
2024-04-06 21:40:21:4021 - [32minfo[39m: [32mConectou ao banco de dados![39m
2024-04-06 21:40:21:4021 - [32minfo[39m: [32mServer is running on port: 9696[39m
2024-04-06 21:40:24:4024 - [32minfo[39m: [32mConectou ao banco de dados![39m
2024-04-06 21:40:24:4024 - [32minfo[39m: [32mServer is running on port: 9696[39m
2024-04-06 21:40:42:4042 - [32minfo[39m: [32mConectou ao banco de dados![39m
2024-04-06 21:40:42:4042 - [32minfo[39m: [32mServer is running on port: 9696[39m
2024-04-06 21:41:53:4153 - [32minfo[39m: [32mConectou ao banco de dados![39m
2024-04-06 21:41:53:4153 - [32minfo[39m: [32mServer is running on port: 9696[39m
2024-04-06 21:42:02:422 - [32minfo[39m: [32mConectou ao banco de dados![39m
2024-04-06 21:42:02:422 - [32minfo[39m: [32mServer is running on port: 9696[39m
2024-04-06 21:42:04:424 - [32minfo[39m: [32mConectou ao banco de dados![39m
2024-04-06 21:42:04:424 - [32minfo[39m: [32mServer is running on port: 9696[39m
2024-04-06 21:42:08:428 - [32minfo[39m: [32mConectou ao banco de dados![39m
2024-04-06 21:42:08:428 - [32minfo[39m: [32mServer is running on port: 9696[39m
2024-04-06 21:43:13:4313 - [32minfo[39m: [32mConectou ao banco de dados![39m
2024-04-06 21:43:13:4313 - [32minfo[39m: [32mServer is running on port: 9696[39m
2024-04-06 21:43:16:4316 - [32minfo[39m: [32mConectou ao banco de dados![39m
2024-04-06 21:43:16:4316 - [32minfo[39m: [32mServer is running on port: 9696[39m
2024-04-06 21:43:18:4318 - [32minfo[39m: [32mConectou ao banco de dados![39m
2024-04-06 21:43:18:4318 - [32minfo[39m: [32mServer is running on port: 9696[39m
2024-04-06 21:43:33:4333 - [35mhttp[39m: [35mGET /api/test 200 12 - 2.804 ms[39m
[35m[39m
2024-04-06 21:44:14:4414 - [32minfo[39m: [32mConectou ao banco de dados![39m
2024-04-06 21:44:14:4414 - [32minfo[39m: [32mServer is running on port: 9696[39m
2024-04-06 21:44:19:4419 - [32minfo[39m: [32mConectou ao banco de dados![39m
2024-04-06 21:44:19:4419 - [32minfo[39m: [32mServer is running on port: 9696[39m
2024-04-06 21:44:26:4426 - [32minfo[39m: [32mConectou ao banco de dados![39m
2024-04-06 21:44:26:4426 - [32minfo[39m: [32mServer is running on port: 9696[39m
2024-04-06 21:44:31:4431 - [35mhttp[39m: [35mGET /api/test 200 12 - 2.722 ms[39m
[35m[39m
2024-04-06 21:44:32:4432 - [35mhttp[39m: [35mGET /api/test 200 12 - 0.512 ms[39m
[35m[39m
2024-04-06 21:44:32:4432 - [35mhttp[39m: [35mGET /api/test 200 12 - 0.474 ms[39m
[35m[39m
2024-04-06 21:55:35:5535 - [32minfo[39m: [32mConectou ao banco de dados![39m
2024-04-06 21:55:35:5535 - [32minfo[39m: [32mServer is running on port: 9696[39m
2024-04-06 21:55:36:5536 - [32minfo[39m: [32mConectou ao banco de dados![39m
2024-04-06 21:55:36:5536 - [32minfo[39m: [32mServer is running on port: 9696[39m
2024-04-06 21:55:40:5540 - [32minfo[39m: [32mConectou ao banco de dados![39m
2024-04-06 21:55:40:5540 - [32minfo[39m: [32mServer is running on port: 9696[39m
2024-04-06 21:56:02:562 - [32minfo[39m: [32mConectou ao banco de dados![39m
2024-04-06 21:56:02:562 - [32minfo[39m: [32mServer is running on port: 9696[39m
2024-04-06 21:56:09:569 - [32minfo[39m: [32mConectou ao banco de dados![39m
2024-04-06 21:56:09:569 - [32minfo[39m: [32mServer is running on port: 9696[39m
2024-04-06 21:56:17:5617 - [32minfo[39m: [32mConectou ao banco de dados![39m
2024-04-06 21:56:17:5617 - [32minfo[39m: [32mServer is running on port: 9696[39m
2024-04-06 21:57:41:5741 - [35mhttp[39m: [35mPOST /api/movie 200 19 - 2.946 ms[39m
[35m[39m
2024-04-06 21:57:58:5758 - [35mhttp[39m: [35mGET /api/test 200 12 - 0.669 ms[39m
[35m[39m
2024-04-06 22:01:41:141 - [32minfo[39m: [32mConectou ao banco de dados![39m
2024-04-06 22:01:41:141 - [32minfo[39m: [32mServer is running on port: 9696[39m
2024-04-06 22:01:43:143 - [32minfo[39m: [32mConectou ao banco de dados![39m
2024-04-06 22:01:43:143 - [32minfo[39m: [32mServer is running on port: 9696[39m
2024-04-06 22:01:46:146 - [32minfo[39m: [32mConectou ao banco de dados![39m
2024-04-06 22:01:46:146 - [32minfo[39m: [32mServer is running on port: 9696[39m
2024-04-06 22:01:51:151 - [32minfo[39m: [32mConectou ao banco de dados![39m
2024-04-06 22:01:51:151 - [32minfo[39m: [32mServer is running on port: 9696[39m
2024-04-06 22:01:56:156 - [32minfo[39m: [32mConectou ao banco de dados![39m
2024-04-06 22:01:56:156 - [32minfo[39m: [32mServer is running on port: 9696[39m
2024-04-06 22:02:09:29 - [32minfo[39m: [32mConectou ao banco de dados![39m
2024-04-06 22:02:09:29 - [32minfo[39m: [32mServer is running on port: 9696[39m
2024-04-06 22:02:11:211 - [32minfo[39m: [32mConectou ao banco de dados![39m
2024-04-06 22:02:11:211 - [32minfo[39m: [32mServer is running on port: 9696[39m
2024-04-06 22:02:21:221 - [32minfo[39m: [32mConectou ao banco de dados![39m
2024-04-06 22:02:21:221 - [32minfo[39m: [32mServer is running on port: 9696[39m
2024-04-06 22:02:25:225 - [32minfo[39m: [32mConectou ao banco de dados![39m
2024-04-06 22:02:25:225 - [32minfo[39m: [32mServer is running on port: 9696[39m
2024-04-06 22:02:27:227 - [32minfo[39m: [32mConectou ao banco de dados![39m
2024-04-06 22:02:27:227 - [32minfo[39m: [32mServer is running on port: 9696[39m
2024-04-06 22:03:46:346 - [32minfo[39m: [32mConectou ao banco de dados![39m
2024-04-06 22:03:46:346 - [32minfo[39m: [32mServer is running on port: 9696[39m
2024-04-06 22:03:58:358 - [32minfo[39m: [32mConectou ao banco de dados![39m
2024-04-06 22:03:58:358 - [32minfo[39m: [32mServer is running on port: 9696[39m
2024-04-06 22:04:52:452 - [32minfo[39m: [32mConectou ao banco de dados![39m
2024-04-06 22:04:52:452 - [32minfo[39m: [32mServer is running on port: 9696[39m
2024-04-06 22:04:56:456 - [32minfo[39m: [32mConectou ao banco de dados![39m
2024-04-06 22:04:56:456 - [32minfo[39m: [32mServer is running on port: 9696[39m
2024-04-06 22:05:19:519 - [32minfo[39m: [32mConectou ao banco de dados![39m
2024-04-06 22:05:19:519 - [32minfo[39m: [32mServer is running on port: 9696[39m
2024-04-06 22:06:19:619 - [32minfo[39m: [32mConectou ao banco de dados![39m
2024-04-06 22:06:19:619 - [32minfo[39m: [32mServer is running on port: 9696[39m
2024-04-06 22:06:25:625 - [32minfo[39m: [32mConectou ao banco de dados![39m
2024-04-06 22:06:25:625 - [32minfo[39m: [32mServer is running on port: 9696[39m
2024-04-06 22:06:29:629 - [32minfo[39m: [32mConectou ao banco de dados![39m
2024-04-06 22:06:29:629 - [32minfo[39m: [32mServer is running on port: 9696[39m
2024-04-06 22:06:36:636 - [32minfo[39m: [32mConectou ao banco de dados![39m
2024-04-06 22:06:36:636 - [32minfo[39m: [32mServer is running on port: 9696[39m
2024-04-06 22:06:39:639 - [32minfo[39m: [32mConectou ao banco de dados![39m
2024-04-06 22:06:39:639 - [32minfo[39m: [32mServer is running on port: 9696[39m
2024-04-06 22:06:48:648 - [32minfo[39m: [32mConectou ao banco de dados![39m
2024-04-06 22:06:48:648 - [32minfo[39m: [32mServer is running on port: 9696[39m
2024-04-06 22:11:17:1117 - [35mhttp[39m: [35mPOST /api/movie 201 611 - 41.779 ms[39m
[35m[39m
2024-04-06 23:08:01:81 - [35mhttp[39m: [35mGET /api/test 200 12 - 5.298 ms[39m
[35m[39m
2024-04-06 23:12:10:1210 - [32minfo[39m: [32mConectou ao banco de dados![39m
2024-04-06 23:12:10:1210 - [32minfo[39m: [32mServer is running on port: 9696[39m
2024-04-06 23:12:17:1217 - [32minfo[39m: [32mConectou ao banco de dados![39m
2024-04-06 23:12:17:1217 - [32minfo[39m: [32mServer is running on port: 9696[39m
2024-04-06 23:12:22:1222 - [32minfo[39m: [32mConectou ao banco de dados![39m
2024-04-06 23:12:22:1222 - [32minfo[39m: [32mServer is running on port: 9696[39m
2024-04-06 23:13:04:134 - [32minfo[39m: [32mConectou ao banco de dados![39m
2024-04-06 23:13:04:134 - [32minfo[39m: [32mServer is running on port: 9696[39m
2024-04-06 23:13:15:1315 - [32minfo[39m: [32mConectou ao banco de dados![39m
2024-04-06 23:13:15:1315 - [32minfo[39m: [32mServer is running on port: 9696[39m
2024-04-06 23:13:18:1318 - [32minfo[39m: [32mConectou ao banco de dados![39m
2024-04-06 23:13:18:1318 - [32minfo[39m: [32mServer is running on port: 9696[39m
2024-04-06 23:13:29:1329 - [32minfo[39m: [32mConectou ao banco de dados![39m
2024-04-06 23:13:29:1329 - [32minfo[39m: [32mServer is running on port: 9696[39m
2024-04-06 23:13:40:1340 - [32minfo[39m: [32mConectou ao banco de dados![39m
2024-04-06 23:13:40:1340 - [32minfo[39m: [32mServer is running on port: 9696[39m
2024-04-06 23:13:48:1348 - [32minfo[39m: [32mConectou ao banco de dados![39m
2024-04-06 23:13:48:1348 - [32minfo[39m: [32mServer is running on port: 9696[39m
2024-04-06 23:13:50:1350 - [32minfo[39m: [32mConectou ao banco de dados![39m
2024-04-06 23:13:50:1350 - [32minfo[39m: [32mServer is running on port: 9696[39m
2024-04-06 23:13:55:1355 - [32minfo[39m: [32mConectou ao banco de dados![39m
2024-04-06 23:13:55:1355 - [32minfo[39m: [32mServer is running on port: 9696[39m
2024-04-06 23:14:01:141 - [32minfo[39m: [32mConectou ao banco de dados![39m
2024-04-06 23:14:01:141 - [32minfo[39m: [32mServer is running on port: 9696[39m
2024-04-06 23:14:08:148 - [32minfo[39m: [32mConectou ao banco de dados![39m
2024-04-06 23:14:08:148 - [32minfo[39m: [32mServer is running on port: 9696[39m
2024-04-06 23:14:10:1410 - [32minfo[39m: [32mConectou ao banco de dados![39m
2024-04-06 23:14:10:1410 - [32minfo[39m: [32mServer is running on port: 9696[39m
2024-04-06 23:15:07:157 - [32minfo[39m: [32mConectou ao banco de dados![39m
2024-04-06 23:15:07:157 - [32minfo[39m: [32mServer is running on port: 9696[39m
2024-04-06 23:15:09:159 - [32minfo[39m: [32mConectou ao banco de dados![39m
2024-04-06 23:15:09:159 - [32minfo[39m: [32mServer is running on port: 9696[39m
2024-04-06 23:15:13:1513 - [32minfo[39m: [32mConectou ao banco de dados![39m
2024-04-06 23:15:13:1513 - [32minfo[39m: [32mServer is running on port: 9696[39m
2024-04-06 23:15:16:1516 - [32minfo[39m: [32mConectou ao banco de dados![39m
2024-04-06 23:15:16:1516 - [32minfo[39m: [32mServer is running on port: 9696[39m
2024-04-06 23:15:22:1522 - [32minfo[39m: [32mConectou ao banco de dados![39m
2024-04-06 23:15:22:1522 - [32minfo[39m: [32mServer is running on port: 9696[39m
2024-04-06 23:15:24:1524 - [32minfo[39m: [32mConectou ao banco de dados![39m
2024-04-06 23:15:24:1524 - [32minfo[39m: [32mServer is running on port: 9696[39m
2024-04-06 23:15:26:1526 - [32minfo[39m: [32mConectou ao banco de dados![39m
2024-04-06 23:15:26:1526 - [32minfo[39m: [32mServer is running on port: 9696[39m
2024-04-06 23:15:33:1533 - [32minfo[39m: [32mConectou ao banco de dados![39m
2024-04-06 23:15:33:1533 - [32minfo[39m: [32mServer is running on port: 9696[39m
2024-04-06 23:15:40:1540 - [35mhttp[39m: [35mGET /api/movie 200 27 - 3.670 ms[39m
[35m[39m
2024-04-06 23:16:04:164 - [32minfo[39m: [32mConectou ao banco de dados![39m
2024-04-06 23:16:04:164 - [32minfo[39m: [32mServer is running on port: 9696[39m
2024-04-06 23:16:42:1642 - [35mhttp[39m: [35mGET /api/movie 200 27 - 2.806 ms[39m
[35m[39m
2024-04-06 23:16:48:1648 - [35mhttp[39m: [35mGET /api/test 200 12 - 0.656 ms[39m
[35m[39m
2024-04-07 10:20:12:2012 - [32minfo[39m: [32mConectou ao banco de dados![39m
2024-04-07 10:20:12:2012 - [32minfo[39m: [32mServer is running on port: 9696[39m
2024-04-07 10:20:24:2024 - [32minfo[39m: [32mConectou ao banco de dados![39m
2024-04-07 10:20:24:2024 - [32minfo[39m: [32mServer is running on port: 9696[39m
2024-04-07 10:20:58:2058 - [35mhttp[39m: [35mPOST /api/movie 201 154 - 40.196 ms[39m
[35m[39m
2024-04-07 10:21:05:215 - [35mhttp[39m: [35mGET /api/movie 200 27 - 1.531 ms[39m
[35m[39m
2024-04-07 10:25:49:2549 - [32minfo[39m: [32mConectou ao banco de dados![39m
2024-04-07 10:25:49:2549 - [32minfo[39m: [32mServer is running on port: 9696[39m
2024-04-07 10:26:00:260 - [32minfo[39m: [32mConectou ao banco de dados![39m
2024-04-07 10:26:00:260 - [32minfo[39m: [32mServer is running on port: 9696[39m
2024-04-07 10:26:02:262 - [32minfo[39m: [32mConectou ao banco de dados![39m
2024-04-07 10:26:02:262 - [32minfo[39m: [32mServer is running on port: 9696[39m
2024-04-07 10:26:25:2625 - [35mhttp[39m: [35mPOST /api/movie - - - - ms[39m
[35m[39m
2024-04-07 10:26:32:2632 - [35mhttp[39m: [35mPOST /api/movie - - - - ms[39m
[35m[39m
2024-04-07 10:26:37:2637 - [35mhttp[39m: [35mGET /api/test 200 12 - 2.139 ms[39m
[35m[39m
2024-04-07 10:26:53:2653 - [35mhttp[39m: [35mPOST /api/movie - - - - ms[39m
[35m[39m
2024-04-07 10:27:01:271 - [32minfo[39m: [32mConectou ao banco de dados![39m
2024-04-07 10:27:01:271 - [32minfo[39m: [32mServer is running on port: 9696[39m
2024-04-07 10:27:05:275 - [35mhttp[39m: [35mPOST /api/movie 422 217 - 9.414 ms[39m
[35m[39m
2024-04-07 10:28:02:282 - [32minfo[39m: [32mConectou ao banco de dados![39m
2024-04-07 10:28:02:282 - [32minfo[39m: [32mServer is running on port: 9696[39m
2024-04-07 10:28:04:284 - [35mhttp[39m: [35mPOST /api/movie 201 154 - 36.589 ms[39m
[35m[39m
2024-04-07 10:28:12:2812 - [35mhttp[39m: [35mPOST /api/movie 422 61 - 1.981 ms[39m
[35m[39m
2024-04-07 10:29:38:2938 - [32minfo[39m: [32mConectou ao banco de dados![39m
2024-04-07 10:29:38:2938 - [32minfo[39m: [32mServer is running on port: 9696[39m
2024-04-07 10:29:47:2947 - [32minfo[39m: [32mConectou ao banco de dados![39m
2024-04-07 10:29:47:2947 - [32minfo[39m: [32mServer is running on port: 9696[39m
2024-04-07 10:29:52:2952 - [32minfo[39m: [32mConectou ao banco de dados![39m
2024-04-07 10:29:52:2952 - [32minfo[39m: [32mServer is running on port: 9696[39m
2024-04-07 10:29:56:2956 - [35mhttp[39m: [35mPOST /api/movie 422 61 - 5.826 ms[39m
[35m[39m
2024-04-07 10:30:06:306 - [32minfo[39m: [32mConectou ao banco de dados![39m
2024-04-07 10:30:06:306 - [32minfo[39m: [32mServer is running on port: 9696[39m
2024-04-07 10:33:35:3335 - [32minfo[39m: [32mConectou ao banco de dados![39m
2024-04-07 10:33:35:3335 - [32minfo[39m: [32mServer is running on port: 9696[39m
2024-04-07 10:45:35:4535 - [32minfo[39m: [32mConectou ao banco de dados![39m
2024-04-07 10:45:35:4535 - [32minfo[39m: [32mServer is running on port: 9696[39m
2024-04-07 10:45:41:4541 - [35mhttp[39m: [35mPOST /api/movie 422 256 - 7.454 ms[39m
[35m[39m
2024-04-07 10:46:03:463 - [32minfo[39m: [32mConectou ao banco de dados![39m
2024-04-07 10:46:03:463 - [32minfo[39m: [32mServer is running on port: 9696[39m
2024-04-07 10:46:08:468 - [32minfo[39m: [32mConectou ao banco de dados![39m
2024-04-07 10:46:08:468 - [32minfo[39m: [32mServer is running on port: 9696[39m
2024-04-07 10:46:12:4612 - [32minfo[39m: [32mConectou ao banco de dados![39m
2024-04-07 10:46:12:4612 - [32minfo[39m: [32mServer is running on port: 9696[39m
2024-04-07 10:46:14:4614 - [32minfo[39m: [32mConectou ao banco de dados![39m
2024-04-07 10:46:14:4614 - [32minfo[39m: [32mServer is running on port: 9696[39m
2024-04-07 10:46:15:4615 - [35mhttp[39m: [35mPOST /api/movie 422 286 - 8.734 ms[39m
[35m[39m
2024-04-07 10:48:32:4832 - [32minfo[39m: [32mConectou ao banco de dados![39m
2024-04-07 10:48:32:4832 - [32minfo[39m: [32mServer is running on port: 9696[39m
2024-04-07 10:48:44:4844 - [32minfo[39m: [32mConectou ao banco de dados![39m
2024-04-07 10:48:44:4844 - [32minfo[39m: [32mServer is running on port: 9696[39m
2024-04-07 10:49:00:490 - [32minfo[39m: [32mConectou ao banco de dados![39m
2024-04-07 10:49:00:490 - [32minfo[39m: [32mServer is running on port: 9696[39m
2024-04-07 10:49:03:493 - [32minfo[39m: [32mConectou ao banco de dados![39m
2024-04-07 10:49:03:493 - [32minfo[39m: [32mServer is running on port: 9696[39m
2024-04-07 10:49:11:4911 - [35mhttp[39m: [35mPOST /api/movie 422 286 - 7.385 ms[39m
[35m[39m
2024-04-07 10:49:17:4917 - [32minfo[39m: [32mConectou ao banco de dados![39m
2024-04-07 10:49:17:4917 - [32minfo[39m: [32mServer is running on port: 9696[39m
2024-04-07 10:49:20:4920 - [32minfo[39m: [32mConectou ao banco de dados![39m
2024-04-07 10:49:20:4920 - [32minfo[39m: [32mServer is running on port: 9696[39m
2024-04-07 10:49:25:4925 - [32minfo[39m: [32mConectou ao banco de dados![39m
2024-04-07 10:49:25:4925 - [32minfo[39m: [32mServer is running on port: 9696[39m
2024-04-07 10:49:25:4925 - [35mhttp[39m: [35mPOST /api/movie 422 256 - 7.594 ms[39m
[35m[39m
2024-04-07 10:49:32:4932 - [32minfo[39m: [32mConectou ao banco de dados![39m
2024-04-07 10:49:32:4932 - [32minfo[39m: [32mServer is running on port: 9696[39m
2024-04-07 10:49:40:4940 - [32minfo[39m: [32mConectou ao banco de dados![39m
2024-04-07 10:49:40:4940 - [32minfo[39m: [32mServer is running on port: 9696[39m
2024-04-07 10:51:04:514 - [32minfo[39m: [32mConectou ao banco de dados![39m
2024-04-07 10:51:04:514 - [32minfo[39m: [32mServer is running on port: 9696[39m
2024-04-07 10:51:11:5111 - [32minfo[39m: [32mConectou ao banco de dados![39m
2024-04-07 10:51:11:5111 - [32minfo[39m: [32mServer is running on port: 9696[39m
2024-04-07 10:51:19:5119 - [32minfo[39m: [32mConectou ao banco de dados![39m
2024-04-07 10:51:19:5119 - [32minfo[39m: [32mServer is running on port: 9696[39m
2024-04-07 10:51:19:5119 - [35mhttp[39m: [35mPOST /api/movie 422 276 - 10.917 ms[39m
[35m[39m
2024-04-07 10:51:30:5130 - [32minfo[39m: [32mConectou ao banco de dados![39m
2024-04-07 10:51:30:5130 - [32minfo[39m: [32mServer is running on port: 9696[39m
2024-04-07 10:51:43:5143 - [35mhttp[39m: [35mPOST /api/movie 422 276 - 8.838 ms[39m
[35m[39m
2024-04-07 10:54:09:549 - [32minfo[39m: [32mConectou ao banco de dados![39m
2024-04-07 10:54:09:549 - [32minfo[39m: [32mServer is running on port: 9696[39m
2024-04-07 10:54:38:5438 - [32minfo[39m: [32mConectou ao banco de dados![39m
2024-04-07 10:54:38:5438 - [32minfo[39m: [32mServer is running on port: 9696[39m
2024-04-07 10:54:41:5441 - [32minfo[39m: [32mConectou ao banco de dados![39m
2024-04-07 10:54:41:5441 - [32minfo[39m: [32mServer is running on port: 9696[39m
2024-04-07 10:54:50:5450 - [32minfo[39m: [32mConectou ao banco de dados![39m
2024-04-07 10:54:50:5450 - [32minfo[39m: [32mServer is running on port: 9696[39m
2024-04-07 10:54:51:5451 - [32minfo[39m: [32mConectou ao banco de dados![39m
2024-04-07 10:54:51:5451 - [32minfo[39m: [32mServer is running on port: 9696[39m
2024-04-07 10:54:56:5456 - [35mhttp[39m: [35mPOST /api/movie 422 276 - 8.785 ms[39m
[35m[39m
2024-04-07 10:55:10:5510 - [32minfo[39m: [32mConectou ao banco de dados![39m
2024-04-07 10:55:10:5510 - [32minfo[39m: [32mServer is running on port: 9696[39m
2024-04-07 10:55:14:5514 - [32minfo[39m: [32mConectou ao banco de dados![39m
2024-04-07 10:55:14:5514 - [32minfo[39m: [32mServer is running on port: 9696[39m
2024-04-07 10:55:56:5556 - [32minfo[39m: [32mConectou ao banco de dados![39m
2024-04-07 10:55:56:5556 - [32minfo[39m: [32mServer is running on port: 9696[39m
2024-04-07 10:56:04:564 - [32minfo[39m: [32mConectou ao banco de dados![39m
2024-04-07 10:56:04:564 - [32minfo[39m: [32mServer is running on port: 9696[39m
2024-04-07 10:56:36:5636 - [32minfo[39m: [32mConectou ao banco de dados![39m
2024-04-07 10:56:36:5636 - [32minfo[39m: [32mServer is running on port: 9696[39m
2024-04-07 10:56:38:5638 - [32minfo[39m: [32mConectou ao banco de dados![39m
2024-04-07 10:56:38:5638 - [32minfo[39m: [32mServer is running on port: 9696[39m
2024-04-07 10:56:55:5655 - [32minfo[39m: [32mConectou ao banco de dados![39m
2024-04-07 10:56:56:5656 - [32minfo[39m: [32mServer is running on port: 9696[39m
2024-04-07 10:59:18:5918 - [35mhttp[39m: [35mPOST /api/movie 422 276 - 8.638 ms[39m
[35m[39m
2024-04-07 11:00:51:051 - [32minfo[39m: [32mConectou ao banco de dados![39m
2024-04-07 11:00:51:051 - [32minfo[39m: [32mServer is running on port: 9696[39m
2024-04-07 11:00:53:053 - [35mhttp[39m: [35mPOST /api/movie 422 266 - 8.618 ms[39m
[35m[39m
2024-04-07 11:01:06:16 - [32minfo[39m: [32mConectou ao banco de dados![39m
2024-04-07 11:01:06:16 - [32minfo[39m: [32mServer is running on port: 9696[39m
2024-04-07 11:01:17:117 - [32minfo[39m: [32mConectou ao banco de dados![39m
2024-04-07 11:01:17:117 - [32minfo[39m: [32mServer is running on port: 9696[39m
2024-04-07 11:01:18:118 - [32minfo[39m: [32mConectou ao banco de dados![39m
2024-04-07 11:01:18:118 - [32minfo[39m: [32mServer is running on port: 9696[39m
2024-04-07 11:01:25:125 - [32minfo[39m: [32mConectou ao banco de dados![39m
2024-04-07 11:01:25:125 - [32minfo[39m: [32mServer is running on port: 9696[39m
2024-04-07 11:01:27:127 - [35mhttp[39m: [35mPOST /api/movie 422 278 - 6.833 ms[39m
[35m[39m
2024-04-07 11:01:47:147 - [32minfo[39m: [32mConectou ao banco de dados![39m
2024-04-07 11:01:47:147 - [32minfo[39m: [32mServer is running on port: 9696[39m
2024-04-07 11:01:52:152 - [32minfo[39m: [32mConectou ao banco de dados![39m
2024-04-07 11:01:52:152 - [32minfo[39m: [32mServer is running on port: 9696[39m
2024-04-07 11:01:54:154 - [35mhttp[39m: [35mPOST /api/movie 422 261 - 7.860 ms[39m
[35m[39m
2024-04-07 11:02:04:24 - [32minfo[39m: [32mConectou ao banco de dados![39m
2024-04-07 11:02:04:24 - [32minfo[39m: [32mServer is running on port: 9696[39m
2024-04-07 11:02:04:24 - [35mhttp[39m: [35mPOST /api/movie 422 430 - 7.861 ms[39m
[35m[39m
2024-04-07 11:02:21:221 - [32minfo[39m: [32mConectou ao banco de dados![39m
2024-04-07 11:02:21:221 - [32minfo[39m: [32mServer is running on port: 9696[39m
2024-04-07 11:02:22:222 - [35mhttp[39m: [35mPOST /api/movie 422 286 - 7.186 ms[39m
[35m[39m
2024-04-07 11:02:26:226 - [32minfo[39m: [32mConectou ao banco de dados![39m
2024-04-07 11:02:26:226 - [32minfo[39m: [32mServer is running on port: 9696[39m
2024-04-07 11:02:30:230 - [32minfo[39m: [32mConectou ao banco de dados![39m
2024-04-07 11:02:30:230 - [32minfo[39m: [32mServer is running on port: 9696[39m
2024-04-07 11:02:33:233 - [32minfo[39m: [32mConectou ao banco de dados![39m
2024-04-07 11:02:33:233 - [32minfo[39m: [32mServer is running on port: 9696[39m
2024-04-07 11:02:34:234 - [35mhttp[39m: [35mPOST /api/movie 422 276 - 8.059 ms[39m
[35m[39m
2024-04-07 11:08:47:847 - [32minfo[39m: [32mConectou ao banco de dados![39m
2024-04-07 11:08:47:847 - [32minfo[39m: [32mServer is running on port: 9696[39m
2024-04-07 11:08:52:852 - [32minfo[39m: [32mConectou ao banco de dados![39m
2024-04-07 11:08:52:852 - [32minfo[39m: [32mServer is running on port: 9696[39m
2024-04-07 11:09:03:93 - [32minfo[39m: [32mConectou ao banco de dados![39m
2024-04-07 11:09:03:93 - [32minfo[39m: [32mServer is running on port: 9696[39m
2024-04-07 11:09:11:911 - [32minfo[39m: [32mConectou ao banco de dados![39m
2024-04-07 11:09:11:911 - [32minfo[39m: [32mServer is running on port: 9696[39m
2024-04-07 11:10:36:1036 - [32minfo[39m: [32mConectou ao banco de dados![39m
2024-04-07 11:10:36:1036 - [32minfo[39m: [32mServer is running on port: 9696[39m
2024-04-07 11:11:04:114 - [32minfo[39m: [32mConectou ao banco de dados![39m
2024-04-07 11:11:04:114 - [32minfo[39m: [32mServer is running on port: 9696[39m
2024-04-07 11:11:12:1112 - [32minfo[39m: [32mConectou ao banco de dados![39m
2024-04-07 11:11:12:1112 - [32minfo[39m: [32mServer is running on port: 9696[39m
2024-04-07 11:11:16:1116 - [32minfo[39m: [32mConectou ao banco de dados![39m
2024-04-07 11:11:17:1117 - [32minfo[39m: [32mServer is running on port: 9696[39m
2024-04-07 11:11:22:1122 - [35mhttp[39m: [35mPOST /api/movie 422 276 - 8.093 ms[39m
[35m[39m
2024-04-07 11:13:31:1331 - [32minfo[39m: [32mConectou ao banco de dados![39m
2024-04-07 11:13:31:1331 - [32minfo[39m: [32mServer is running on port: 9696[39m
2024-04-07 11:13:34:1334 - [35mhttp[39m: [35mPOST /api/movie 422 286 - 8.527 ms[39m
[35m[39m
2024-04-07 11:14:56:1456 - [32minfo[39m: [32mConectou ao banco de dados![39m
2024-04-07 11:14:56:1456 - [32minfo[39m: [32mServer is running on port: 9696[39m
2024-04-07 11:15:12:1512 - [35mhttp[39m: [35mPOST /api/movie 422 266 - 7.823 ms[39m
[35m[39m
2024-04-07 11:16:52:1652 - [32minfo[39m: [32mConectou ao banco de dados![39m
2024-04-07 11:16:52:1652 - [32minfo[39m: [32mServer is running on port: 9696[39m
2024-04-07 11:16:57:1657 - [32minfo[39m: [32mConectou ao banco de dados![39m
2024-04-07 11:16:57:1657 - [32minfo[39m: [32mServer is running on port: 9696[39m
2024-04-07 11:17:14:1714 - [32minfo[39m: [32mConectou ao banco de dados![39m
2024-04-07 11:17:14:1714 - [32minfo[39m: [32mServer is running on port: 9696[39m
2024-04-07 11:17:23:1723 - [32minfo[39m: [32mConectou ao banco de dados![39m
2024-04-07 11:17:23:1723 - [32minfo[39m: [32mServer is running on port: 9696[39m
2024-04-07 11:17:27:1727 - [32minfo[39m: [32mConectou ao banco de dados![39m
2024-04-07 11:17:27:1727 - [32minfo[39m: [32mServer is running on port: 9696[39m
2024-04-07 11:17:35:1735 - [32minfo[39m: [32mConectou ao banco de dados![39m
2024-04-07 11:17:35:1735 - [32minfo[39m: [32mServer is running on port: 9696[39m
2024-04-07 11:17:39:1739 - [32minfo[39m: [32mConectou ao banco de dados![39m
2024-04-07 11:17:39:1739 - [32minfo[39m: [32mServer is running on port: 9696[39m
2024-04-07 11:17:41:1741 - [32minfo[39m: [32mConectou ao banco de dados![39m
2024-04-07 11:17:41:1741 - [32minfo[39m: [32mServer is running on port: 9696[39m
2024-04-07 11:17:51:1751 - [32minfo[39m: [32mConectou ao banco de dados![39m
2024-04-07 11:17:51:1751 - [32minfo[39m: [32mServer is running on port: 9696[39m
2024-04-07 11:17:53:1753 - [32minfo[39m: [32mConectou ao banco de dados![39m
2024-04-07 11:17:53:1753 - [32minfo[39m: [32mServer is running on port: 9696[39m
2024-04-07 11:18:22:1822 - [32minfo[39m: [32mConectou ao banco de dados![39m
2024-04-07 11:18:22:1822 - [32minfo[39m: [32mServer is running on port: 9696[39m
2024-04-07 11:18:32:1832 - [32minfo[39m: [32mConectou ao banco de dados![39m
2024-04-07 11:18:32:1832 - [32minfo[39m: [32mServer is running on port: 9696[39m
2024-04-07 11:18:37:1837 - [32minfo[39m: [32mConectou ao banco de dados![39m
2024-04-07 11:18:37:1837 - [32minfo[39m: [32mServer is running on port: 9696[39m
2024-04-07 11:18:39:1839 - [32minfo[39m: [32mConectou ao banco de dados![39m
2024-04-07 11:18:39:1839 - [32minfo[39m: [32mServer is running on port: 9696[39m
2024-04-07 11:19:34:1934 - [32minfo[39m: [32mConectou ao banco de dados![39m
2024-04-07 11:19:34:1934 - [32minfo[39m: [32mServer is running on port: 9696[39m
2024-04-07 11:19:47:1947 - [32minfo[39m: [32mConectou ao banco de dados![39m
2024-04-07 11:19:47:1947 - [32minfo[39m: [32mServer is running on port: 9696[39m
2024-04-07 11:20:01:201 - [32minfo[39m: [32mConectou ao banco de dados![39m
2024-04-07 11:20:01:201 - [32minfo[39m: [32mServer is running on port: 9696[39m
2024-04-07 11:20:10:2010 - [32minfo[39m: [32mConectou ao banco de dados![39m
2024-04-07 11:20:10:2010 - [32minfo[39m: [32mServer is running on port: 9696[39m
2024-04-07 11:22:02:222 - [32minfo[39m: [32mConectou ao banco de dados![39m
2024-04-07 11:22:02:222 - [32minfo[39m: [32mServer is running on port: 9696[39m
2024-04-07 11:23:24:2324 - [32minfo[39m: [32mConectou ao banco de dados![39m
2024-04-07 11:23:24:2324 - [32minfo[39m: [32mServer is running on port: 9696[39m
2024-04-07 11:23:28:2328 - [32minfo[39m: [32mConectou ao banco de dados![39m
2024-04-07 11:23:28:2328 - [32minfo[39m: [32mServer is running on port: 9696[39m
2024-04-07 11:23:30:2330 - [32minfo[39m: [32mConectou ao banco de dados![39m
2024-04-07 11:23:30:2330 - [32minfo[39m: [32mServer is running on port: 9696[39m
2024-04-07 11:23:40:2340 - [32minfo[39m: [32mConectou ao banco de dados![39m
2024-04-07 11:23:40:2340 - [32minfo[39m: [32mServer is running on port: 9696[39m
2024-04-07 11:23:44:2344 - [32minfo[39m: [32mConectou ao banco de dados![39m
2024-04-07 11:23:44:2344 - [32minfo[39m: [32mServer is running on port: 9696[39m
2024-04-07 11:24:01:241 - [32minfo[39m: [32mConectou ao banco de dados![39m
2024-04-07 11:24:01:241 - [32minfo[39m: [32mServer is running on port: 9696[39m
2024-04-07 11:24:14:2414 - [32minfo[39m: [32mConectou ao banco de dados![39m
2024-04-07 11:24:14:2414 - [32minfo[39m: [32mServer is running on port: 9696[39m
2024-04-07 11:24:29:2429 - [32minfo[39m: [32mConectou ao banco de dados![39m
2024-04-07 11:24:29:2429 - [32minfo[39m: [32mServer is running on port: 9696[39m
2024-04-07 11:24:35:2435 - [32minfo[39m: [32mConectou ao banco de dados![39m
2024-04-07 11:24:35:2435 - [32minfo[39m: [32mServer is running on port: 9696[39m
2024-04-07 11:25:40:2540 - [32minfo[39m: [32mConectou ao banco de dados![39m
2024-04-07 11:25:40:2540 - [32minfo[39m: [32mServer is running on port: 9696[39m
2024-04-07 11:25:45:2545 - [32minfo[39m: [32mConectou ao banco de dados![39m
2024-04-07 11:25:45:2545 - [32minfo[39m: [32mServer is running on port: 9696[39m
2024-04-07 11:25:47:2547 - [32minfo[39m: [32mConectou ao banco de dados![39m
2024-04-07 11:25:47:2547 - [32minfo[39m: [32mServer is running on port: 9696[39m
2024-04-07 11:26:43:2643 - [32minfo[39m: [32mConectou ao banco de dados![39m
2024-04-07 11:26:43:2643 - [32minfo[39m: [32mServer is running on port: 9696[39m
2024-04-07 11:26:51:2651 - [32minfo[39m: [32mConectou ao banco de dados![39m
2024-04-07 11:26:51:2651 - [32minfo[39m: [32mServer is running on port: 9696[39m
2024-04-07 11:27:34:2734 - [32minfo[39m: [32mConectou ao banco de dados![39m
2024-04-07 11:27:34:2734 - [32minfo[39m: [32mServer is running on port: 9696[39m
2024-04-07 11:27:39:2739 - [32minfo[39m: [32mConectou ao banco de dados![39m
2024-04-07 11:27:39:2739 - [32minfo[39m: [32mServer is running on port: 9696[39m
2024-04-07 11:27:41:2741 - [35mhttp[39m: [35mPOST /api/movie 500 1070 - 12.714 ms[39m
[35m[39m
2024-04-07 11:27:47:2747 - [32minfo[39m: [32mConectou ao banco de dados![39m
2024-04-07 11:27:47:2747 - [32minfo[39m: [32mServer is running on port: 9696[39m
2024-04-07 11:27:51:2751 - [32minfo[39m: [32mConectou ao banco de dados![39m
2024-04-07 11:27:51:2751 - [32minfo[39m: [32mServer is running on port: 9696[39m
2024-04-07 11:27:58:2758 - [32minfo[39m: [32mConectou ao banco de dados![39m
2024-04-07 11:27:58:2758 - [32minfo[39m: [32mServer is running on port: 9696[39m
2024-04-07 11:28:00:280 - [35mhttp[39m: [35mPOST /api/movie 422 266 - 12.143 ms[39m
[35m[39m
2024-04-07 11:28:31:2831 - [32minfo[39m: [32mConectou ao banco de dados![39m
2024-04-07 11:28:31:2831 - [32minfo[39m: [32mServer is running on port: 9696[39m
2024-04-07 11:28:31:2831 - [35mhttp[39m: [35mPOST /api/movie 422 266 - 8.506 ms[39m
[35m[39m
2024-04-07 11:29:14:2914 - [32minfo[39m: [32mConectou ao banco de dados![39m
2024-04-07 11:29:14:2914 - [32minfo[39m: [32mServer is running on port: 9696[39m
2024-04-07 11:29:28:2928 - [32minfo[39m: [32mConectou ao banco de dados![39m
2024-04-07 11:29:28:2928 - [32minfo[39m: [32mServer is running on port: 9696[39m
2024-04-07 11:29:39:2939 - [32minfo[39m: [32mConectou ao banco de dados![39m
2024-04-07 11:29:39:2939 - [32minfo[39m: [32mServer is running on port: 9696[39m
2024-04-07 11:29:49:2949 - [32minfo[39m: [32mConectou ao banco de dados![39m
2024-04-07 11:29:49:2949 - [32minfo[39m: [32mServer is running on port: 9696[39m
2024-04-07 11:29:54:2954 - [32minfo[39m: [32mConectou ao banco de dados![39m
2024-04-07 11:29:54:2954 - [32minfo[39m: [32mServer is running on port: 9696[39m
2024-04-07 11:29:57:2957 - [32minfo[39m: [32mConectou ao banco de dados![39m
2024-04-07 11:29:57:2957 - [32minfo[39m: [32mServer is running on port: 9696[39m
2024-04-07 11:31:08:318 - [32minfo[39m: [32mConectou ao banco de dados![39m
2024-04-07 11:31:08:318 - [32minfo[39m: [32mServer is running on port: 9696[39m
2024-04-07 11:31:31:3131 - [32minfo[39m: [32mConectou ao banco de dados![39m
2024-04-07 11:31:31:3131 - [32minfo[39m: [32mServer is running on port: 9696[39m
2024-04-07 11:31:35:3135 - [32minfo[39m: [32mConectou ao banco de dados![39m
2024-04-07 11:31:35:3135 - [32minfo[39m: [32mServer is running on port: 9696[39m
2024-04-07 11:31:42:3142 - [32minfo[39m: [32mConectou ao banco de dados![39m
2024-04-07 11:31:42:3142 - [32minfo[39m: [32mServer is running on port: 9696[39m
2024-04-07 11:34:03:343 - [32minfo[39m: [32mConectou ao banco de dados![39m
2024-04-07 11:34:03:343 - [32minfo[39m: [32mServer is running on port: 9696[39m
2024-04-07 11:34:07:347 - [32minfo[39m: [32mConectou ao banco de dados![39m
2024-04-07 11:34:07:347 - [32minfo[39m: [32mServer is running on port: 9696[39m
2024-04-07 11:34:54:3454 - [32minfo[39m: [32mConectou ao banco de dados![39m
2024-04-07 11:34:54:3454 - [32minfo[39m: [32mServer is running on port: 9696[39m
2024-04-07 11:34:57:3457 - [32minfo[39m: [32mConectou ao banco de dados![39m
2024-04-07 11:34:57:3457 - [32minfo[39m: [32mServer is running on port: 9696[39m
2024-04-07 11:35:04:354 - [32minfo[39m: [32mConectou ao banco de dados![39m
2024-04-07 11:35:04:354 - [32minfo[39m: [32mServer is running on port: 9696[39m
2024-04-07 11:35:09:359 - [32minfo[39m: [32mConectou ao banco de dados![39m
2024-04-07 11:35:09:359 - [32minfo[39m: [32mServer is running on port: 9696[39m
2024-04-07 11:35:11:3511 - [32minfo[39m: [32mConectou ao banco de dados![39m
2024-04-07 11:35:11:3511 - [32minfo[39m: [32mServer is running on port: 9696[39m
2024-04-07 11:35:13:3513 - [32minfo[39m: [32mConectou ao banco de dados![39m
2024-04-07 11:35:13:3513 - [32minfo[39m: [32mServer is running on port: 9696[39m
2024-04-07 11:35:18:3518 - [32minfo[39m: [32mConectou ao banco de dados![39m
2024-04-07 11:35:18:3518 - [32minfo[39m: [32mServer is running on port: 9696[39m
2024-04-07 11:35:21:3521 - [32minfo[39m: [32mConectou ao banco de dados![39m
2024-04-07 11:35:21:3521 - [32minfo[39m: [32mServer is running on port: 9696[39m
2024-04-07 11:35:23:3523 - [32minfo[39m: [32mConectou ao banco de dados![39m
2024-04-07 11:35:23:3523 - [32minfo[39m: [32mServer is running on port: 9696[39m
2024-04-07 11:35:48:3548 - [32minfo[39m: [32mConectou ao banco de dados![39m
2024-04-07 11:35:48:3548 - [32minfo[39m: [32mServer is running on port: 9696[39m
2024-04-07 11:36:01:361 - [32minfo[39m: [32mConectou ao banco de dados![39m
2024-04-07 11:36:01:361 - [32minfo[39m: [32mServer is running on port: 9696[39m
2024-04-07 11:36:34:3634 - [32minfo[39m: [32mConectou ao banco de dados![39m
2024-04-07 11:36:34:3634 - [32minfo[39m: [32mServer is running on port: 9696[39m
2024-04-07 11:37:25:3725 - [32minfo[39m: [32mConectou ao banco de dados![39m
2024-04-07 11:37:25:3725 - [32minfo[39m: [32mServer is running on port: 9696[39m
2024-04-07 11:37:31:3731 - [35mhttp[39m: [35mPOST /api/movie 422 266 - 8.962 ms[39m
[35m[39m
2024-04-07 11:39:08:398 - [32minfo[39m: [32mConectou ao banco de dados![39m
2024-04-07 11:39:08:398 - [32minfo[39m: [32mServer is running on port: 9696[39m
2024-04-07 11:39:11:3911 - [35mhttp[39m: [35mPOST /api/movie 422 266 - 8.579 ms[39m
[35m[39m
2024-04-07 11:39:23:3923 - [32minfo[39m: [32mConectou ao banco de dados![39m
2024-04-07 11:39:23:3923 - [32minfo[39m: [32mServer is running on port: 9696[39m
2024-04-07 11:39:23:3923 - [35mhttp[39m: [35mPOST /api/movie 422 266 - 8.655 ms[39m
[35m[39m
2024-04-07 11:39:35:3935 - [32minfo[39m: [32mConectou ao banco de dados![39m
2024-04-07 11:39:35:3935 - [32minfo[39m: [32mServer is running on port: 9696[39m
2024-04-07 11:39:38:3938 - [35mhttp[39m: [35mPOST /api/movie 422 266 - 8.107 ms[39m
[35m[39m
2024-04-07 11:39:44:3944 - [35mhttp[39m: [35mPOST /api/movie 422 266 - 3.525 ms[39m
[35m[39m
2024-04-07 11:39:54:3954 - [32minfo[39m: [32mConectou ao banco de dados![39m
2024-04-07 11:39:54:3954 - [32minfo[39m: [32mServer is running on port: 9696[39m
2024-04-07 11:41:32:4132 - [32minfo[39m: [32mConectou ao banco de dados![39m
2024-04-07 11:41:32:4132 - [32minfo[39m: [32mServer is running on port: 9696[39m
2024-04-07 11:41:39:4139 - [32minfo[39m: [32mConectou ao banco de dados![39m
2024-04-07 11:41:39:4139 - [32minfo[39m: [32mServer is running on port: 9696[39m
2024-04-07 11:41:47:4147 - [32minfo[39m: [32mConectou ao banco de dados![39m
2024-04-07 11:41:47:4147 - [32minfo[39m: [32mServer is running on port: 9696[39m
2024-04-07 11:42:07:427 - [32minfo[39m: [32mConectou ao banco de dados![39m
2024-04-07 11:42:07:427 - [32minfo[39m: [32mServer is running on port: 9696[39m
2024-04-07 11:42:14:4214 - [32minfo[39m: [32mConectou ao banco de dados![39m
2024-04-07 11:42:14:4214 - [32minfo[39m: [32mServer is running on port: 9696[39m
2024-04-07 11:42:17:4217 - [35mhttp[39m: [35mPOST /api/movie 422 266 - 8.151 ms[39m
[35m[39m
2024-04-07 11:44:18:4418 - [32minfo[39m: [32mConectou ao banco de dados![39m
2024-04-07 11:44:18:4418 - [32minfo[39m: [32mServer is running on port: 9696[39m
2024-04-07 11:44:22:4422 - [32minfo[39m: [32mConectou ao banco de dados![39m
2024-04-07 11:44:22:4422 - [32minfo[39m: [32mServer is running on port: 9696[39m
2024-04-07 11:44:24:4424 - [32minfo[39m: [32mConectou ao banco de dados![39m
2024-04-07 11:44:24:4424 - [32minfo[39m: [32mServer is running on port: 9696[39m
2024-04-07 11:44:27:4427 - [32minfo[39m: [32mConectou ao banco de dados![39m
2024-04-07 11:44:27:4427 - [32minfo[39m: [32mServer is running on port: 9696[39m
2024-04-07 11:44:31:4431 - [32minfo[39m: [32mConectou ao banco de dados![39m
2024-04-07 11:44:31:4431 - [32minfo[39m: [32mServer is running on port: 9696[39m
2024-04-07 11:44:34:4434 - [32minfo[39m: [32mConectou ao banco de dados![39m
2024-04-07 11:44:34:4434 - [32minfo[39m: [32mServer is running on port: 9696[39m
2024-04-07 11:44:39:4439 - [32minfo[39m: [32mConectou ao banco de dados![39m
2024-04-07 11:44:39:4439 - [32minfo[39m: [32mServer is running on port: 9696[39m
2024-04-07 11:44:42:4442 - [35mhttp[39m: [35mPOST /api/movie 422 276 - 8.159 ms[39m
[35m[39m
2024-04-07 11:46:29:4629 - [32minfo[39m: [32mConectou ao banco de dados![39m
2024-04-07 11:46:29:4629 - [32minfo[39m: [32mServer is running on port: 9696[39m
2024-04-07 11:46:39:4639 - [32minfo[39m: [32mConectou ao banco de dados![39m
2024-04-07 11:46:39:4639 - [32minfo[39m: [32mServer is running on port: 9696[39m
2024-04-07 11:46:41:4641 - [35mhttp[39m: [35mPOST /api/movie 422 261 - 8.045 ms[39m
[35m[39m
2024-04-07 11:47:01:471 - [32minfo[39m: [32mConectou ao banco de dados![39m
2024-04-07 11:47:01:471 - [32minfo[39m: [32mServer is running on port: 9696[39m
2024-04-07 11:47:02:472 - [35mhttp[39m: [35mPOST /api/movie 422 276 - 9.897 ms[39m
[35m[39m
2024-04-07 11:47:59:4759 - [32minfo[39m: [32mConectou ao banco de dados![39m
2024-04-07 11:47:59:4759 - [32minfo[39m: [32mServer is running on port: 9696[39m
2024-04-07 11:48:03:483 - [32minfo[39m: [32mConectou ao banco de dados![39m
2024-04-07 11:48:03:483 - [32minfo[39m: [32mServer is running on port: 9696[39m
2024-04-07 11:48:07:487 - [32minfo[39m: [32mConectou ao banco de dados![39m
2024-04-07 11:48:07:487 - [32minfo[39m: [32mServer is running on port: 9696[39m
2024-04-07 11:48:09:489 - [32minfo[39m: [32mConectou ao banco de dados![39m
2024-04-07 11:48:09:489 - [32minfo[39m: [32mServer is running on port: 9696[39m
2024-04-07 11:48:14:4814 - [35mhttp[39m: [35mPOST /api/movie 422 338 - 10.212 ms[39m
[35m[39m
2024-04-07 11:48:20:4820 - [35mhttp[39m: [35mPOST /api/movie 422 289 - 3.064 ms[39m
[35m[39m
2024-04-07 11:48:25:4825 - [35mhttp[39m: [35mPOST /api/movie 422 227 - 2.635 ms[39m
[35m[39m
2024-04-07 11:49:42:4942 - [35mhttp[39m: [35mPOST /api/movie 422 177 - 1.083 ms[39m
[35m[39m
2024-04-07 11:49:57:4957 - [32minfo[39m: [32mConectou ao banco de dados![39m
2024-04-07 11:49:57:4957 - [32minfo[39m: [32mServer is running on port: 9696[39m
2024-04-07 11:50:28:5028 - [32minfo[39m: [32mConectou ao banco de dados![39m
2024-04-07 11:50:28:5028 - [32minfo[39m: [32mServer is running on port: 9696[39m
2024-04-07 11:50:30:5030 - [32minfo[39m: [32mConectou ao banco de dados![39m
2024-04-07 11:50:30:5030 - [32minfo[39m: [32mServer is running on port: 9696[39m
2024-04-07 11:51:37:5137 - [32minfo[39m: [32mConectou ao banco de dados![39m
2024-04-07 11:51:37:5137 - [32minfo[39m: [32mServer is running on port: 9696[39m
2024-04-07 11:51:44:5144 - [32minfo[39m: [32mConectou ao banco de dados![39m
2024-04-07 11:51:44:5144 - [32minfo[39m: [32mServer is running on port: 9696[39m
2024-04-07 11:52:03:523 - [32minfo[39m: [32mConectou ao banco de dados![39m
2024-04-07 11:52:03:523 - [32minfo[39m: [32mServer is running on port: 9696[39m
2024-04-07 11:52:07:527 - [32minfo[39m: [32mConectou ao banco de dados![39m
2024-04-07 11:52:07:527 - [32minfo[39m: [32mServer is running on port: 9696[39m
2024-04-07 11:52:49:5249 - [32minfo[39m: [32mConectou ao banco de dados![39m
2024-04-07 11:52:49:5249 - [32minfo[39m: [32mServer is running on port: 9696[39m
2024-04-07 11:52:51:5251 - [32minfo[39m: [32mConectou ao banco de dados![39m
2024-04-07 11:52:51:5251 - [32minfo[39m: [32mServer is running on port: 9696[39m
2024-04-07 11:52:53:5253 - [32minfo[39m: [32mConectou ao banco de dados![39m
2024-04-07 11:52:53:5253 - [32minfo[39m: [32mServer is running on port: 9696[39m
2024-04-07 11:52:57:5257 - [32minfo[39m: [32mConectou ao banco de dados![39m
2024-04-07 11:52:57:5257 - [32minfo[39m: [32mServer is running on port: 9696[39m
2024-04-07 11:53:05:535 - [32minfo[39m: [32mConectou ao banco de dados![39m
2024-04-07 11:53:05:535 - [32minfo[39m: [32mServer is running on port: 9696[39m
2024-04-07 11:53:29:5329 - [32minfo[39m: [32mConectou ao banco de dados![39m
2024-04-07 11:53:29:5329 - [32minfo[39m: [32mServer is running on port: 9696[39m
2024-04-07 11:53:34:5334 - [35mhttp[39m: [35mPOST /api/movie 422 177 - 8.046 ms[39m
[35m[39m
2024-04-07 11:54:25:5425 - [32minfo[39m: [32mConectou ao banco de dados![39m
2024-04-07 11:54:25:5425 - [32minfo[39m: [32mServer is running on port: 9696[39m
2024-04-07 11:54:27:5427 - [35mhttp[39m: [35mPOST /api/movie 422 232 - 7.883 ms[39m
[35m[39m
2024-04-07 11:54:41:5441 - [35mhttp[39m: [35mPOST /api/movie 422 232 - 2.591 ms[39m
[35m[39m
2024-04-07 11:54:44:5444 - [35mhttp[39m: [35mPOST /api/movie 422 177 - 1.769 ms[39m
[35m[39m
2024-04-07 11:55:00:550 - [32minfo[39m: [32mConectou ao banco de dados![39m
2024-04-07 11:55:00:550 - [32minfo[39m: [32mServer is running on port: 9696[39m
2024-04-07 11:57:05:575 - [32minfo[39m: [32mConectou ao banco de dados![39m
2024-04-07 11:57:05:575 - [32minfo[39m: [32mServer is running on port: 9696[39m
2024-04-07 11:57:07:577 - [32minfo[39m: [32mConectou ao banco de dados![39m
2024-04-07 11:57:07:577 - [32minfo[39m: [32mServer is running on port: 9696[39m
2024-04-07 11:57:17:5717 - [32minfo[39m: [32mConectou ao banco de dados![39m
2024-04-07 11:57:17:5717 - [32minfo[39m: [32mServer is running on port: 9696[39m
2024-04-07 11:58:11:5811 - [32minfo[39m: [32mConectou ao banco de dados![39m
2024-04-07 11:58:11:5811 - [32minfo[39m: [32mServer is running on port: 9696[39m
2024-04-07 11:58:14:5814 - [32minfo[39m: [32mConectou ao banco de dados![39m
2024-04-07 11:58:14:5814 - [32minfo[39m: [32mServer is running on port: 9696[39m
2024-04-07 11:58:28:5828 - [32minfo[39m: [32mConectou ao banco de dados![39m
2024-04-07 11:58:28:5828 - [32minfo[39m: [32mServer is running on port: 9696[39m
2024-04-07 11:58:41:5841 - [32minfo[39m: [32mConectou ao banco de dados![39m
2024-04-07 11:58:41:5841 - [32minfo[39m: [32mServer is running on port: 9696[39m
2024-04-07 11:59:07:597 - [35mhttp[39m: [35mPOST /api/movie 422 160 - 9.410 ms[39m
[35m[39m
2024-04-07 11:59:31:5931 - [35mhttp[39m: [35mPOST /api/movie 422 103 - 2.991 ms[39m
[35m[39m
2024-04-07 12:00:01:01 - [35mhttp[39m: [35mPOST /api/movie 422 52 - 1.168 ms[39m
[35m[39m
2024-04-07 12:00:52:052 - [35mhttp[39m: [35mPOST /api/movie 201 377 - 40.622 ms[39m
[35m[39m
2024-04-07 12:21:06:216 - [32minfo[39m: [32mConectou ao banco de dados![39m
2024-04-07 12:21:06:216 - [32minfo[39m: [32mServer is running on port: 9696[39m
2024-04-07 12:21:09:219 - [35mhttp[39m: [35mGET /api/test 200 12 - 2.806 ms[39m
[35m[39m
2024-04-07 12:21:15:2115 - [35mhttp[39m: [35mGET /api/movie 404 22 - 26.291 ms[39m
[35m[39m
2024-04-07 12:21:20:2120 - [35mhttp[39m: [35mGET /api/movie 404 22 - 13.776 ms[39m
[35m[39m
2024-04-07 12:21:34:2134 - [35mhttp[39m: [35mGET /api/movie 404 22 - 13.033 ms[39m
[35m[39m
2024-04-07 12:22:06:226 - [32minfo[39m: [32mConectou ao banco de dados![39m
2024-04-07 12:22:06:226 - [32minfo[39m: [32mServer is running on port: 9696[39m
2024-04-07 12:22:07:227 - [32minfo[39m: [32mConectou ao banco de dados![39m
2024-04-07 12:22:07:227 - [32minfo[39m: [32mServer is running on port: 9696[39m
2024-04-07 12:22:19:2219 - [32minfo[39m: [32mConectou ao banco de dados![39m
2024-04-07 12:22:19:2219 - [32minfo[39m: [32mServer is running on port: 9696[39m
2024-04-07 12:22:38:2238 - [31merror[39m: [31mErro ao buscar filmes: Cast to ObjectId failed for value "10" (type string) at path "_id" for model "Movie"[39m
2024-04-07 12:22:38:2238 - [35mhttp[39m: [35mGET /api/movie/10 400 223 - 11.506 ms[39m
[35m[39m
2024-04-07 12:22:44:2244 - [31merror[39m: [31mErro ao buscar filmes: Cast to ObjectId failed for value "1" (type string) at path "_id" for model "Movie"[39m
2024-04-07 12:22:44:2244 - [35mhttp[39m: [35mGET /api/movie/1 400 220 - 1.495 ms[39m
[35m[39m
2024-04-07 12:24:38:2438 - [35mhttp[39m: [35mGET /api/movie/6612b524260c2013dc4a5dd4 200 377 - 20.504 ms[39m
[35m[39m
2024-04-07 12:24:43:2443 - [35mhttp[39m: [35mGET /api/movie/6612b524260c2013dc4a5dd3 404 22 - 9.011 ms[39m
[35m[39m
2024-04-07 12:24:49:2449 - [35mhttp[39m: [35mGET /api/movie/6612b524260c2013dc4a5dd4 200 377 - 16.536 ms[39m
[35m[39m
2024-04-07 12:24:54:2454 - [31merror[39m: [31mErro ao buscar filmes: Cast to ObjectId failed for value "6612b524260c2013dc4a5dd" (type string) at path "_id" for model "Movie"[39m
2024-04-07 12:24:54:2454 - [35mhttp[39m: [35mGET /api/movie/6612b524260c2013dc4a5dd 400 286 - 1.190 ms[39m
[35m[39m
2024-04-07 12:25:05:255 - [31merror[39m: [31mErro ao buscar filmes: Cast to ObjectId failed for value "6612b524260c2013dc4a5dds" (type string) at path "_id" for model "Movie"[39m
2024-04-07 12:25:05:255 - [35mhttp[39m: [35mGET /api/movie/6612b524260c2013dc4a5dds 400 289 - 1.326 ms[39m
[35m[39m
2024-04-07 12:25:09:259 - [35mhttp[39m: [35mGET /api/movie/6612b524260c2013dc4a5dd4 200 377 - 14.067 ms[39m
[35m[39m
2024-04-07 12:25:12:2512 - [35mhttp[39m: [35mGET /api/movie/6612b524260c2013dc4a5dd1 404 22 - 12.612 ms[39m
[35m[39m
2024-04-07 12:25:15:2515 - [35mhttp[39m: [35mGET /api/movie/6612b524260c2013dc4a5dd4 200 377 - 9.710 ms[39m
[35m[39m
2024-04-07 12:25:54:2554 - [35mhttp[39m: [35mGET /api/movie/6612b524260c2013dc4a5dd4 200 377 - 14.773 ms[39m
[35m[39m
2024-04-07 12:25:54:2554 - [35mhttp[39m: [35mGET /favicon.ico 404 150 - 1.715 ms[39m
[35m[39m
2024-04-07 12:29:33:2933 - [35mhttp[39m: [35mGET /api/movie/6612b524260c2013dc4a5dd4 200 377 - 9.731 ms[39m
[35m[39m
2024-04-07 12:29:33:2933 - [35mhttp[39m: [35mGET /favicon.ico 404 150 - 0.418 ms[39m
[35m[39m
2024-04-07 12:29:36:2936 - [35mhttp[39m: [35mGET /api/movie/6612b524260c2013dc4a5dd4 200 377 - 14.677 ms[39m
[35m[39m
2024-04-07 12:29:36:2936 - [35mhttp[39m: [35mGET /favicon.ico 404 150 - 0.281 ms[39m
[35m[39m
2024-04-07 12:29:39:2939 - [35mhttp[39m: [35mGET /api/movie/6612b524260c2013dc4a5dd4 304 - - 14.576 ms[39m
[35m[39m
2024-04-07 12:29:39:2939 - [35mhttp[39m: [35mGET /favicon.ico 404 150 - 0.409 ms[39m
[35m[39m
2024-04-07 12:31:10:3110 - [35mhttp[39m: [35mGET /api/movie/6612b524260c2013dc4a5dd4 200 377 - 15.452 ms[39m
[35m[39m
2024-04-07 12:35:09:359 - [32minfo[39m: [32mConectou ao banco de dados![39m
2024-04-07 12:35:09:359 - [32minfo[39m: [32mServer is running on port: 9696[39m
2024-04-07 12:35:17:3517 - [32minfo[39m: [32mConectou ao banco de dados![39m
2024-04-07 12:35:17:3517 - [32minfo[39m: [32mServer is running on port: 9696[39m
2024-04-07 12:35:58:3558 - [32minfo[39m: [32mConectou ao banco de dados![39m
2024-04-07 12:35:58:3558 - [32minfo[39m: [32mServer is running on port: 9696[39m
2024-04-07 12:36:00:360 - [32minfo[39m: [32mConectou ao banco de dados![39m
2024-04-07 12:36:00:360 - [32minfo[39m: [32mServer is running on port: 9696[39m
2024-04-07 12:36:20:3620 - [32minfo[39m: [32mConectou ao banco de dados![39m
2024-04-07 12:36:20:3620 - [32minfo[39m: [32mServer is running on port: 9696[39m
2024-04-07 12:36:34:3634 - [32minfo[39m: [32mConectou ao banco de dados![39m
2024-04-07 12:36:34:3634 - [32minfo[39m: [32mServer is running on port: 9696[39m
2024-04-07 12:36:37:3637 - [32minfo[39m: [32mConectou ao banco de dados![39m
2024-04-07 12:36:37:3637 - [32minfo[39m: [32mServer is running on port: 9696[39m
2024-04-07 12:36:49:3649 - [32minfo[39m: [32mConectou ao banco de dados![39m
2024-04-07 12:36:49:3649 - [32minfo[39m: [32mServer is running on port: 9696[39m
2024-04-07 12:36:54:3654 - [32minfo[39m: [32mConectou ao banco de dados![39m
2024-04-07 12:36:54:3654 - [32minfo[39m: [32mServer is running on port: 9696[39m
2024-04-07 12:37:01:371 - [32minfo[39m: [32mConectou ao banco de dados![39m
2024-04-07 12:37:01:371 - [32minfo[39m: [32mServer is running on port: 9696[39m
2024-04-07 12:37:03:373 - [32minfo[39m: [32mConectou ao banco de dados![39m
2024-04-07 12:37:03:373 - [32minfo[39m: [32mServer is running on port: 9696[39m
2024-04-07 12:37:06:376 - [32minfo[39m: [32mConectou ao banco de dados![39m
2024-04-07 12:37:06:376 - [32minfo[39m: [32mServer is running on port: 9696[39m
2024-04-07 12:37:11:3711 - [32minfo[39m: [32mConectou ao banco de dados![39m
2024-04-07 12:37:11:3711 - [32minfo[39m: [32mServer is running on port: 9696[39m
2024-04-07 12:37:20:3720 - [35mhttp[39m: [35mGET /favicon.ico 404 150 - 2.936 ms[39m
[35m[39m
2024-04-07 12:37:25:3725 - [35mhttp[39m: [35mGET /api/movies 200 - - 1.672 ms[39m
[35m[39m
2024-04-07 12:37:25:3725 - [35mhttp[39m: [35mGET /favicon.ico 404 150 - 0.638 ms[39m
[35m[39m
2024-04-07 12:37:28:3728 - [35mhttp[39m: [35mGET /api/movies 200 - - 0.637 ms[39m
[35m[39m
2024-04-07 12:37:28:3728 - [35mhttp[39m: [35mGET /favicon.ico 404 150 - 0.295 ms[39m
[35m[39m
2024-04-07 12:37:47:3747 - [32minfo[39m: [32mConectou ao banco de dados![39m
2024-04-07 12:37:47:3747 - [32minfo[39m: [32mServer is running on port: 9696[39m
2024-04-07 12:37:51:3751 - [32minfo[39m: [32mConectou ao banco de dados![39m
2024-04-07 12:37:51:3751 - [32minfo[39m: [32mServer is running on port: 9696[39m
2024-04-07 12:38:14:3814 - [32minfo[39m: [32mConectou ao banco de dados![39m
2024-04-07 12:38:14:3814 - [32minfo[39m: [32mServer is running on port: 9696[39m
2024-04-07 12:38:51:3851 - [32minfo[39m: [32mConectou ao banco de dados![39m
2024-04-07 12:38:51:3851 - [32minfo[39m: [32mServer is running on port: 9696[39m
2024-04-07 12:38:53:3853 - [32minfo[39m: [32mConectou ao banco de dados![39m
2024-04-07 12:38:53:3853 - [32minfo[39m: [32mServer is running on port: 9696[39m
2024-04-07 12:38:58:3858 - [32minfo[39m: [32mConectou ao banco de dados![39m
2024-04-07 12:38:58:3858 - [32minfo[39m: [32mServer is running on port: 9696[39m
2024-04-07 12:39:14:3914 - [32minfo[39m: [32mConectou ao banco de dados![39m
2024-04-07 12:39:14:3914 - [32minfo[39m: [32mServer is running on port: 9696[39m
2024-04-07 12:39:22:3922 - [32minfo[39m: [32mConectou ao banco de dados![39m
2024-04-07 12:39:22:3922 - [32minfo[39m: [32mServer is running on port: 9696[39m
2024-04-07 12:39:27:3927 - [32minfo[39m: [32mConectou ao banco de dados![39m
2024-04-07 12:39:27:3927 - [32minfo[39m: [32mServer is running on port: 9696[39m
2024-04-07 12:39:30:3930 - [35mhttp[39m: [35mGET /api/movies 200 379 - 22.026 ms[39m
[35m[39m
2024-04-07 12:39:30:3930 - [35mhttp[39m: [35mGET /favicon.ico 404 150 - 1.937 ms[39m
[35m[39m
2024-04-07 12:39:32:3932 - [35mhttp[39m: [35mGET /api/movies 304 - - 13.288 ms[39m
[35m[39m
2024-04-07 12:39:32:3932 - [35mhttp[39m: [35mGET /favicon.ico 404 150 - 0.467 ms[39m
[35m[39m
2024-04-07 12:41:10:4110 - [35mhttp[39m: [35mPOST /api/movie 201 366 - 36.247 ms[39m
[35m[39m
2024-04-07 12:41:44:4144 - [35mhttp[39m: [35mGET /api/movies 200 746 - 14.116 ms[39m
[35m[39m
2024-04-07 12:41:49:4149 - [35mhttp[39m: [35mGET /api/movies 200 746 - 18.895 ms[39m
[35m[39m
2024-04-07 12:41:49:4149 - [35mhttp[39m: [35mGET /favicon.ico 404 150 - 0.558 ms[39m
[35m[39m
2024-04-07 12:45:23:4523 - [35mhttp[39m: [35mGET /api/movies 200 746 - 9.568 ms[39m
[35m[39m
2024-04-07 12:45:42:4542 - [35mhttp[39m: [35mGET /api/movies 304 - - 18.489 ms[39m
[35m[39m
2024-04-07 12:45:42:4542 - [35mhttp[39m: [35mGET /favicon.ico 404 150 - 0.370 ms[39m
[35m[39m
2024-04-07 12:46:12:4612 - [35mhttp[39m: [35mGET /api/movies 200 746 - 14.186 ms[39m
[35m[39m
2024-04-07 13:52:44:5244 - [35mhttp[39m: [35mGET /api/movies 200 746 - 16.163 ms[39m
[35m[39m
2024-04-07 13:52:44:5244 - [35mhttp[39m: [35mGET /favicon.ico 404 150 - 0.304 ms[39m
[35m[39m
2024-04-07 13:57:38:5738 - [35mhttp[39m: [35mGET /api/movie/6612b524260c2013dc4a5dd4 200 377 - 18.338 ms[39m
[35m[39m
2024-04-07 17:17:00:170 - [32minfo[39m: [32mConectou ao banco de dados![39m
2024-04-07 17:17:00:170 - [32minfo[39m: [32mServer is running on port: 9696[39m
2024-04-07 17:17:24:1724 - [32minfo[39m: [32mConectou ao banco de dados![39m
2024-04-07 17:17:24:1724 - [32minfo[39m: [32mServer is running on port: 6969[39m
2024-04-07 17:17:46:1746 - [35mhttp[39m: [35mGET / 404 139 - 2.817 ms[39m
[35m[39m
2024-04-07 17:17:50:1750 - [35mhttp[39m: [35mGET /test 404 143 - 0.669 ms[39m
[35m[39m
2024-04-07 17:17:56:1756 - [35mhttp[39m: [35mGET /api/test 200 12 - 2.291 ms[39m
[35m[39m
2024-04-07 17:17:56:1756 - [35mhttp[39m: [35mGET /favicon.ico 404 150 - 0.682 ms[39m
[35m[39m
2024-04-07 17:18:06:186 - [35mhttp[39m: [35mGET /api/movies 200 746 - 24.807 ms[39m
[35m[39m
2024-04-07 17:19:10:1910 - [35mhttp[39m: [35mGET /api/movies 200 746 - 15.021 ms[39m
[35m[39m
2024-04-07 17:19:53:1953 - [32minfo[39m: [32mConectou ao banco de dados![39m
2024-04-07 17:19:53:1953 - [32minfo[39m: [32mServer is running on port: 6969[39m
2024-04-07 17:19:58:1958 - [32minfo[39m: [32mConectou ao banco de dados![39m
2024-04-07 17:19:58:1958 - [32minfo[39m: [32mServer is running on port: 6969[39m
2024-04-07 17:20:14:2014 - [32minfo[39m: [32mConectou ao banco de dados![39m
2024-04-07 17:20:14:2014 - [32minfo[39m: [32mServer is running on port: 6969[39m
2024-04-07 17:20:25:2025 - [32minfo[39m: [32mConectou ao banco de dados![39m
2024-04-07 17:20:25:2025 - [32minfo[39m: [32mServer is running on port: 6969[39m
2024-04-07 17:20:39:2039 - [32minfo[39m: [32mConectou ao banco de dados![39m
2024-04-07 17:20:39:2039 - [32minfo[39m: [32mServer is running on port: 6969[39m
2024-04-07 17:20:43:2043 - [32minfo[39m: [32mConectou ao banco de dados![39m
2024-04-07 17:20:43:2043 - [32minfo[39m: [32mServer is running on port: 6969[39m
2024-04-07 17:20:45:2045 - [32minfo[39m: [32mConectou ao banco de dados![39m
2024-04-07 17:20:45:2045 - [32minfo[39m: [32mServer is running on port: 6969[39m
2024-04-07 17:20:53:2053 - [32minfo[39m: [32mConectou ao banco de dados![39m
2024-04-07 17:20:53:2053 - [32minfo[39m: [32mServer is running on port: 6969[39m
2024-04-07 17:21:00:210 - [32minfo[39m: [32mConectou ao banco de dados![39m
2024-04-07 17:21:00:210 - [32minfo[39m: [32mServer is running on port: 6969[39m
2024-04-07 17:21:28:2128 - [32minfo[39m: [32mConectou ao banco de dados![39m
2024-04-07 17:21:28:2128 - [32minfo[39m: [32mServer is running on port: 6969[39m
2024-04-07 17:21:32:2132 - [32minfo[39m: [32mConectou ao banco de dados![39m
2024-04-07 17:21:32:2132 - [32minfo[39m: [32mServer is running on port: 6969[39m
2024-04-07 17:22:04:224 - [32minfo[39m: [32mConectou ao banco de dados![39m
2024-04-07 17:22:04:224 - [32minfo[39m: [32mServer is running on port: 6969[39m
2024-04-07 17:22:08:228 - [32minfo[39m: [32mConectou ao banco de dados![39m
2024-04-07 17:22:08:228 - [32minfo[39m: [32mServer is running on port: 6969[39m
2024-04-07 17:22:41:2241 - [32minfo[39m: [32mConectou ao banco de dados![39m
2024-04-07 17:22:41:2241 - [32minfo[39m: [32mServer is running on port: 6969[39m
2024-04-07 17:23:32:2332 - [32minfo[39m: [32mConectou ao banco de dados![39m
2024-04-07 17:23:32:2332 - [32minfo[39m: [32mServer is running on port: 6969[39m
2024-04-07 17:23:35:2335 - [32minfo[39m: [32mConectou ao banco de dados![39m
2024-04-07 17:23:35:2335 - [32minfo[39m: [32mServer is running on port: 6969[39m
2024-04-07 17:24:04:244 - [32minfo[39m: [32mConectou ao banco de dados![39m
2024-04-07 17:24:04:244 - [32minfo[39m: [32mServer is running on port: 6969[39m
2024-04-07 17:24:29:2429 - [35mhttp[39m: [35mGET /api/movies/6612b524260c2013dc4a5dd4 404 174 - 2.996 ms[39m
[35m[39m
2024-04-07 17:24:38:2438 - [35mhttp[39m: [35mGET /api/movie/6612b524260c2013dc4a5dd4 200 377 - 26.215 ms[39m
[35m[39m
2024-04-07 17:25:23:2523 - [35mhttp[39m: [35mGET /api/movie/6612b524260c2013dc4a5dd4 200 377 - 9.580 ms[39m
[35m[39m
2024-04-07 17:25:27:2527 - [35mhttp[39m: [35mDELETE /api/movie/6612b524260c2013dc4a5dd4 200 377 - 10.111 ms[39m
[35m[39m
2024-04-07 17:25:39:2539 - [35mhttp[39m: [35mGET /api/test 200 12 - 0.376 ms[39m
[35m[39m
2024-04-07 17:27:48:2748 - [32minfo[39m: [32mConectou ao banco de dados![39m
2024-04-07 17:27:48:2748 - [32minfo[39m: [32mServer is running on port: 6969[39m
2024-04-07 17:27:49:2749 - [32minfo[39m: [32mConectou ao banco de dados![39m
2024-04-07 17:27:49:2749 - [32minfo[39m: [32mServer is running on port: 6969[39m
2024-04-07 17:27:53:2753 - [32minfo[39m: [32mConectou ao banco de dados![39m
2024-04-07 17:27:53:2753 - [32minfo[39m: [32mServer is running on port: 6969[39m
2024-04-07 17:27:55:2755 - [32minfo[39m: [32mConectou ao banco de dados![39m
2024-04-07 17:27:55:2755 - [32minfo[39m: [32mServer is running on port: 6969[39m
2024-04-07 17:28:37:2837 - [32minfo[39m: [32mConectou ao banco de dados![39m
2024-04-07 17:28:37:2837 - [32minfo[39m: [32mServer is running on port: 6969[39m
2024-04-07 17:28:40:2840 - [32minfo[39m: [32mConectou ao banco de dados![39m
2024-04-07 17:28:40:2840 - [32minfo[39m: [32mServer is running on port: 6969[39m
2024-04-07 17:28:49:2849 - [32minfo[39m: [32mConectou ao banco de dados![39m
2024-04-07 17:28:49:2849 - [32minfo[39m: [32mServer is running on port: 6969[39m
2024-04-07 17:30:49:3049 - [32minfo[39m: [32mConectou ao banco de dados![39m
2024-04-07 17:30:49:3049 - [32minfo[39m: [32mServer is running on port: 6969[39m
2024-04-07 17:32:14:3214 - [32minfo[39m: [32mConectou ao banco de dados![39m
2024-04-07 17:32:14:3214 - [32minfo[39m: [32mServer is running on port: 6969[39m
2024-04-07 17:32:24:3224 - [32minfo[39m: [32mConectou ao banco de dados![39m
2024-04-07 17:32:24:3224 - [32minfo[39m: [32mServer is running on port: 6969[39m
2024-04-07 17:32:26:3226 - [32minfo[39m: [32mConectou ao banco de dados![39m
2024-04-07 17:32:26:3226 - [32minfo[39m: [32mServer is running on port: 6969[39m
2024-04-07 17:32:40:3240 - [32minfo[39m: [32mConectou ao banco de dados![39m
2024-04-07 17:32:40:3240 - [32minfo[39m: [32mServer is running on port: 6969[39m
2024-04-07 17:32:43:3243 - [32minfo[39m: [32mConectou ao banco de dados![39m
2024-04-07 17:32:43:3243 - [32minfo[39m: [32mServer is running on port: 6969[39m
2024-04-07 17:32:46:3246 - [32minfo[39m: [32mConectou ao banco de dados![39m
2024-04-07 17:32:46:3246 - [32minfo[39m: [32mServer is running on port: 6969[39m
2024-04-07 17:33:06:336 - [32minfo[39m: [32mConectou ao banco de dados![39m
2024-04-07 17:33:06:336 - [32minfo[39m: [32mServer is running on port: 6969[39m
2024-04-07 17:33:09:339 - [32minfo[39m: [32mConectou ao banco de dados![39m
2024-04-07 17:33:09:339 - [32minfo[39m: [32mServer is running on port: 6969[39m
2024-04-07 17:33:11:3311 - [32minfo[39m: [32mConectou ao banco de dados![39m
2024-04-07 17:33:11:3311 - [32minfo[39m: [32mServer is running on port: 6969[39m
2024-04-07 17:33:31:3331 - [32minfo[39m: [32mConectou ao banco de dados![39m
2024-04-07 17:33:31:3331 - [32minfo[39m: [32mServer is running on port: 6969[39m
2024-04-07 17:33:34:3334 - [32minfo[39m: [32mConectou ao banco de dados![39m
2024-04-07 17:33:34:3334 - [32minfo[39m: [32mServer is running on port: 6969[39m
2024-04-07 17:33:44:3344 - [35mhttp[39m: [35mPOST /api/movie 201 378 - 39.827 ms[39m
[35m[39m
2024-04-07 17:33:55:3355 - [35mhttp[39m: [35mGET /api/movies 200 1125 - 16.639 ms[39m
[35m[39m
2024-04-07 17:34:17:3417 - [35mhttp[39m: [35mDELETE /api/movie/66130328842482f1d4a7c5de 200 29 - 31.223 ms[39m
[35m[39m
2024-04-07 17:34:25:3425 - [35mhttp[39m: [35mGET /api/movies 200 746 - 9.807 ms[39m
[35m[39m
2024-04-07 17:34:33:3433 - [35mhttp[39m: [35mPOST /api/movie 201 378 - 24.822 ms[39m
[35m[39m
2024-04-07 17:34:36:3436 - [35mhttp[39m: [35mGET /api/movies 200 1125 - 14.048 ms[39m
[35m[39m
2024-04-07 17:34:47:3447 - [35mhttp[39m: [35mDELETE /api/movie/66130359842482f1d4a7c5e3 404 22 - 13.942 ms[39m
[35m[39m
2024-04-07 17:34:52:3452 - [35mhttp[39m: [35mDELETE /api/movie/66130359842482f1d4a7c5e4 200 29 - 28.228 ms[39m
[35m[39m
2024-04-07 17:35:15:3515 - [35mhttp[39m: [35mGET /api/movie/6612b524260c2013dc4a5dd4 304 - - 10.643 ms[39m
[35m[39m
2024-04-07 17:39:14:3914 - [32minfo[39m: [32mConectou ao banco de dados![39m
2024-04-07 17:39:14:3914 - [32minfo[39m: [32mServer is running on port: 6969[39m
2024-04-07 17:39:27:3927 - [32minfo[39m: [32mConectou ao banco de dados![39m
2024-04-07 17:39:27:3927 - [32minfo[39m: [32mServer is running on port: 6969[39m
2024-04-07 17:39:33:3933 - [32minfo[39m: [32mConectou ao banco de dados![39m
2024-04-07 17:39:33:3933 - [32minfo[39m: [32mServer is running on port: 6969[39m
2024-04-07 17:39:36:3936 - [32minfo[39m: [32mConectou ao banco de dados![39m
2024-04-07 17:39:36:3936 - [32minfo[39m: [32mServer is running on port: 6969[39m
2024-04-07 17:40:13:4013 - [32minfo[39m: [32mConectou ao banco de dados![39m
2024-04-07 17:40:13:4013 - [32minfo[39m: [32mServer is running on port: 6969[39m
2024-04-07 17:40:14:4014 - [32minfo[39m: [32mConectou ao banco de dados![39m
2024-04-07 17:40:14:4014 - [32minfo[39m: [32mServer is running on port: 6969[39m
2024-04-07 17:40:18:4018 - [32minfo[39m: [32mConectou ao banco de dados![39m
2024-04-07 17:40:18:4018 - [32minfo[39m: [32mServer is running on port: 6969[39m
2024-04-07 17:40:27:4027 - [32minfo[39m: [32mConectou ao banco de dados![39m
2024-04-07 17:40:27:4027 - [32minfo[39m: [32mServer is running on port: 6969[39m
2024-04-07 17:40:43:4043 - [32minfo[39m: [32mConectou ao banco de dados![39m
2024-04-07 17:40:43:4043 - [32minfo[39m: [32mServer is running on port: 6969[39m
2024-04-07 17:40:49:4049 - [32minfo[39m: [32mConectou ao banco de dados![39m
2024-04-07 17:40:49:4049 - [32minfo[39m: [32mServer is running on port: 6969[39m
2024-04-07 17:40:55:4055 - [32minfo[39m: [32mConectou ao banco de dados![39m
2024-04-07 17:40:55:4055 - [32minfo[39m: [32mServer is running on port: 6969[39m
2024-04-07 17:42:18:4218 - [35mhttp[39m: [35mPATCH /api/movie/66130359842482f1d4a7c5e4 404 175 - 3.327 ms[39m
[35m[39m
2024-04-07 17:42:51:4251 - [32minfo[39m: [32mConectou ao banco de dados![39m
2024-04-07 17:42:51:4251 - [32minfo[39m: [32mServer is running on port: 6969[39m
2024-04-07 17:43:01:431 - [32minfo[39m: [32mConectou ao banco de dados![39m
2024-04-07 17:43:01:431 - [32minfo[39m: [32mServer is running on port: 6969[39m
2024-04-07 17:43:04:434 - [32minfo[39m: [32mConectou ao banco de dados![39m
2024-04-07 17:43:04:434 - [32minfo[39m: [32mServer is running on port: 6969[39m
2024-04-07 17:43:08:438 - [35mhttp[39m: [35mPATCH /api/movie/66130359842482f1d4a7c5e4 404 22 - 19.045 ms[39m
[35m[39m
2024-04-07 17:44:04:444 - [32minfo[39m: [32mConectou ao banco de dados![39m
2024-04-07 17:44:04:444 - [32minfo[39m: [32mServer is running on port: 6969[39m
2024-04-07 17:44:06:446 - [32minfo[39m: [32mConectou ao banco de dados![39m
2024-04-07 17:44:06:446 - [32minfo[39m: [32mServer is running on port: 6969[39m
2024-04-07 17:44:19:4419 - [32minfo[39m: [32mConectou ao banco de dados![39m
2024-04-07 17:44:19:4419 - [32minfo[39m: [32mServer is running on port: 6969[39m
2024-04-07 17:44:44:4444 - [32minfo[39m: [32mConectou ao banco de dados![39m
2024-04-07 17:44:44:4444 - [32minfo[39m: [32mServer is running on port: 6969[39m
2024-04-07 17:45:05:455 - [32minfo[39m: [32mConectou ao banco de dados![39m
2024-04-07 17:45:05:455 - [32minfo[39m: [32mServer is running on port: 6969[39m
2024-04-07 17:45:29:4529 - [32minfo[39m: [32mConectou ao banco de dados![39m
2024-04-07 17:45:29:4529 - [32minfo[39m: [32mServer is running on port: 6969[39m
2024-04-07 17:46:09:469 - [32minfo[39m: [32mConectou ao banco de dados![39m
2024-04-07 17:46:09:469 - [32minfo[39m: [32mServer is running on port: 6969[39m
2024-04-07 17:46:32:4632 - [35mhttp[39m: [35mGET /api/movies 200 746 - 26.435 ms[39m
[35m[39m
2024-04-07 17:47:11:4711 - [35mhttp[39m: [35mPATCH /api/movie/6612b524260c2013dc4a5dd4 200 259 - 37.701 ms[39m
[35m[39m
2024-04-07 17:47:16:4716 - [35mhttp[39m: [35mGET /api/movies 200 747 - 9.695 ms[39m
[35m[39m
2024-04-07 17:47:49:4749 - [32minfo[39m: [32mConectou ao banco de dados![39m
2024-04-07 17:47:49:4749 - [32minfo[39m: [32mServer is running on port: 6969[39m
2024-04-07 17:48:00:480 - [35mhttp[39m: [35mPATCH /api/movie/6612b524260c2013dc4a5dd4 422 123 - 9.979 ms[39m
[35m[39m
2024-04-07 17:48:17:4817 - [35mhttp[39m: [35mPATCH /api/movie/6612b524260c2013dc4a5dd4 200 259 - 43.108 ms[39m
[35m[39m
2024-04-07 17:48:24:4824 - [35mhttp[39m: [35mGET /api/movies 200 747 - 12.189 ms[39m
[35m[39m
2024-04-07 17:48:32:4832 - [35mhttp[39m: [35mPATCH /api/movie/6612b524260c2013dc4a5dd4 200 258 - 36.746 ms[39m
[35m[39m
2024-04-07 17:58:53:5853 - [35mhttp[39m: [35mGET /api/movie/6612b524260c2013dc4a5dd4 200 377 - 13.042 ms[39m
[35m[39m
2024-04-07 17:58:53:5853 - [35mhttp[39m: [35mGET /favicon.ico 404 150 - 1.523 ms[39m
[35m[39m
2024-04-07 17:58:56:5856 - [35mhttp[39m: [35mGET /api/movies 200 746 - 9.529 ms[39m
[35m[39m
